==18378== Memcheck, a memory error detector
==18378== Copyright (C) 2002-2022, and GNU GPL'd, by Julian Seward et al.
==18378== Using Valgrind-3.22.0 and LibVEX; rerun with -h for copyright info
==18378== Command: _release/bin/main
==18378== Parent PID: 18377
==18378== 
==18378== 
==18378== HEAP SUMMARY:
==18378==     in use at exit: 143,628 bytes in 998 blocks
==18378==   total heap usage: 44,654 allocs, 43,656 frees, 1,886,407,067 bytes allocated
==18378== 
==18378== LEAK SUMMARY:
==18378==    definitely lost: 0 bytes in 0 blocks
==18378==    indirectly lost: 0 bytes in 0 blocks
==18378==      possibly lost: 0 bytes in 0 blocks
==18378==    still reachable: 143,508 bytes in 995 blocks
==18378==         suppressed: 120 bytes in 3 blocks
==18378== Reachable blocks (those to which a pointer was found) are not shown.
==18378== To see them, rerun with: --leak-check=full --show-leak-kinds=all
==18378== 
==18378== For lists of detected and suppressed errors, rerun with: -s
==18378== ERROR SUMMARY: 0 errors from 0 contexts (suppressed: 3 from 3)
